<?xml version="1.0" encoding="UTF-8"?>
<!-- Generated by org.testng.reporters.JUnitReportReporter -->
<testsuite hostname="DESKTOP-DDS4O75" failures="0" tests="1" name="testCases.TC001_AccountRegistrationTest" time="6.062" errors="0" timestamp="2024-12-02T15:26:15 CET" skipped="0">
  <testcase classname="testCases.TC001_AccountRegistrationTest" name="test_account_Registration" time="6.062"/>
</testsuite> <!-- testCases.TC001_AccountRegistrationTest -->
