<?xml version="1.0" encoding="UTF-8"?>
<!-- Generated by org.testng.reporters.JUnitReportReporter -->
<testsuite hostname="DESKTOP-DDS4O75" failures="0" tests="1" name="testCases.TC_002_LoginTest" time="4.366" errors="0" timestamp="2024-12-02T15:27:59 CET" skipped="0">
  <testcase classname="testCases.TC_002_LoginTest" name="test_Login" time="4.366"/>
</testsuite> <!-- testCases.TC_002_LoginTest -->
